media/libraries/session/buildout/outputs/logs/manifest-merger-release-report.txt
-- Merging decision tree log ---
manifest
ADDED from src\main\AndroidManifest.xml:16:1-18:12
INJECTED from src\main\AndroidManifest.xml:16:1-18:12
	package
		ADDED from src\main\AndroidManifest.xml:16:11-44
		INJECTED from src\main\AndroidManifest.xml
uses-sdk
ADDED from src\main\AndroidManifest.xml:17:3-14
INJECTED from src\main\AndroidManifest.xml:17:3-14
INJECTED from src\main\AndroidManifest.xml:17:3-14
	android:targetSdkVersion
		INJECTED from src\main\AndroidManifest.xml
	android:minSdkVersion
		INJECTED from src\main\AndroidManifest.xml